SMS Plugin/build/outputs/logs/manifest-merger-debug-report.txt
-- Merging decision tree log ---
manifest
ADDED from src\main\AndroidManifest.xml:2:1-23:12
INJECTED from src\main\AndroidManifest.xml:2:1-23:12
INJECTED from src\main\AndroidManifest.xml:2:1-23:12
INJECTED from src\main\AndroidManifest.xml:2:1-23:12
MERGED from [:smschecker-release:] AndroidManifest.xml:2:1-13:12
MERGED from [me.everything:providers-android:1.0.1] AndroidManifest.xml:2:1-16:12
MERGED from [me.everything:providers-core:1.0.0] AndroidManifest.xml:2:1-16:12
INJECTED from src\main\AndroidManifest.xml:2:1-23:12
INJECTED from src\main\AndroidManifest.xml:2:1-23:12
INJECTED from src\main\AndroidManifest.xml:2:1-23:12
	package
		ADDED from src\main\AndroidManifest.xml:2:70-100
		INJECTED from src\main\AndroidManifest.xml
		INJECTED from src\main\AndroidManifest.xml
	android:versionName
		INJECTED from src\main\AndroidManifest.xml
		ADDED from src\main\AndroidManifest.xml:2:1-23:12
		INJECTED from src\main\AndroidManifest.xml
	xmlns:tools
		ADDED from src\main\AndroidManifest.xml:2:101-147
	android:versionCode
		INJECTED from src\main\AndroidManifest.xml
		ADDED from src\main\AndroidManifest.xml:2:1-23:12
		INJECTED from src\main\AndroidManifest.xml
	xmlns:android
		ADDED from src\main\AndroidManifest.xml:2:11-69
	android:installLocation
		ADDED from src\main\AndroidManifest.xml:2:148-188
supports-screens
ADDED from src\main\AndroidManifest.xml:3:3-163
	android:largeScreens
		ADDED from src\main\AndroidManifest.xml:3:78-105
	android:smallScreens
		ADDED from src\main\AndroidManifest.xml:3:21-48
	android:normalScreens
		ADDED from src\main\AndroidManifest.xml:3:49-77
	android:xlargeScreens
		ADDED from src\main\AndroidManifest.xml:3:106-134
	android:anyDensity
		ADDED from src\main\AndroidManifest.xml:3:135-160
application
ADDED from src\main\AndroidManifest.xml:4:3-17:17
MERGED from [me.everything:providers-android:1.0.1] AndroidManifest.xml:11:5-14:19
MERGED from [me.everything:providers-android:1.0.1] AndroidManifest.xml:11:5-14:19
MERGED from [me.everything:providers-core:1.0.0] AndroidManifest.xml:11:5-14:19
MERGED from [me.everything:providers-core:1.0.0] AndroidManifest.xml:11:5-14:19
	android:label
		ADDED from src\main\AndroidManifest.xml:4:90-122
	android:allowBackup
		ADDED from [me.everything:providers-android:1.0.1] AndroidManifest.xml:12:9-35
	android:icon
		ADDED from src\main\AndroidManifest.xml:4:58-89
	android:theme
		ADDED from src\main\AndroidManifest.xml:4:16-57
activity#com.jeka.smsreceiver.UnityPlayerActivity
ADDED from src\main\AndroidManifest.xml:5:5-12:16
	android:screenOrientation
		ADDED from src\main\AndroidManifest.xml:5:48-86
	android:label
		ADDED from src\main\AndroidManifest.xml:5:15-47
	android:launchMode
		ADDED from src\main\AndroidManifest.xml:5:87-118
	android:hardwareAccelerated
		ADDED from src\main\AndroidManifest.xml:5:301-336
	android:configChanges
		ADDED from src\main\AndroidManifest.xml:5:119-300
	android:name
		ADDED from src\main\AndroidManifest.xml:5:337-392
intent-filter#action:name:android.intent.action.MAIN+category:name:android.intent.category.LAUNCHER
ADDED from src\main\AndroidManifest.xml:6:7-9:23
action#android.intent.action.MAIN
ADDED from src\main\AndroidManifest.xml:7:9-61
	android:name
		ADDED from src\main\AndroidManifest.xml:7:17-58
category#android.intent.category.LAUNCHER
ADDED from src\main\AndroidManifest.xml:8:9-69
	android:name
		ADDED from src\main\AndroidManifest.xml:8:19-66
meta-data#unityplayer.UnityActivity
ADDED from src\main\AndroidManifest.xml:10:7-82
	android:value
		ADDED from src\main\AndroidManifest.xml:10:59-79
	android:name
		ADDED from src\main\AndroidManifest.xml:10:18-58
meta-data#android.notch_support
ADDED from src\main\AndroidManifest.xml:11:7-78
	android:value
		ADDED from src\main\AndroidManifest.xml:11:55-75
	android:name
		ADDED from src\main\AndroidManifest.xml:11:18-54
meta-data#unity.build-id
ADDED from src\main\AndroidManifest.xml:13:5-101
	android:value
		ADDED from src\main\AndroidManifest.xml:13:46-98
	android:name
		ADDED from src\main\AndroidManifest.xml:13:16-45
meta-data#unity.splash-mode
ADDED from src\main\AndroidManifest.xml:14:5-69
	android:value
		ADDED from src\main\AndroidManifest.xml:14:49-66
	android:name
		ADDED from src\main\AndroidManifest.xml:14:16-48
meta-data#unity.splash-enable
ADDED from src\main\AndroidManifest.xml:15:5-74
	android:value
		ADDED from src\main\AndroidManifest.xml:15:51-71
	android:name
		ADDED from src\main\AndroidManifest.xml:15:16-50
meta-data#notch.config
ADDED from src\main\AndroidManifest.xml:16:5-81
	android:value
		ADDED from src\main\AndroidManifest.xml:16:44-78
	android:name
		ADDED from src\main\AndroidManifest.xml:16:16-43
uses-feature#0x00030000
ADDED from src\main\AndroidManifest.xml:18:3-52
	android:glEsVersion
		ADDED from src\main\AndroidManifest.xml:18:17-49
uses-feature#android.hardware.vulkan.version
ADDED from src\main\AndroidManifest.xml:19:3-91
	android:required
		ADDED from src\main\AndroidManifest.xml:19:64-88
	android:name
		ADDED from src\main\AndroidManifest.xml:19:17-63
uses-feature#android.hardware.touchscreen
ADDED from src\main\AndroidManifest.xml:20:3-88
	android:required
		ADDED from src\main\AndroidManifest.xml:20:61-85
	android:name
		ADDED from src\main\AndroidManifest.xml:20:17-60
uses-feature#android.hardware.touchscreen.multitouch
ADDED from src\main\AndroidManifest.xml:21:3-99
	android:required
		ADDED from src\main\AndroidManifest.xml:21:72-96
	android:name
		ADDED from src\main\AndroidManifest.xml:21:17-71
uses-feature#android.hardware.touchscreen.multitouch.distinct
ADDED from src\main\AndroidManifest.xml:22:3-108
	android:required
		ADDED from src\main\AndroidManifest.xml:22:81-105
	android:name
		ADDED from src\main\AndroidManifest.xml:22:17-80
uses-sdk
INJECTED from src\main\AndroidManifest.xml reason: use-sdk injection requested
INJECTED from src\main\AndroidManifest.xml
INJECTED from src\main\AndroidManifest.xml
MERGED from [:smschecker-release:] AndroidManifest.xml:7:5-9:41
MERGED from [:smschecker-release:] AndroidManifest.xml:7:5-9:41
MERGED from [me.everything:providers-android:1.0.1] AndroidManifest.xml:7:5-9:41
MERGED from [me.everything:providers-android:1.0.1] AndroidManifest.xml:7:5-9:41
MERGED from [me.everything:providers-core:1.0.0] AndroidManifest.xml:7:5-9:41
MERGED from [me.everything:providers-core:1.0.0] AndroidManifest.xml:7:5-9:41
INJECTED from src\main\AndroidManifest.xml
INJECTED from src\main\AndroidManifest.xml
	android:targetSdkVersion
		INJECTED from src\main\AndroidManifest.xml
		ADDED from src\main\AndroidManifest.xml
		INJECTED from src\main\AndroidManifest.xml
	android:minSdkVersion
		INJECTED from src\main\AndroidManifest.xml
		ADDED from src\main\AndroidManifest.xml
		INJECTED from src\main\AndroidManifest.xml
uses-permission#android.permission.READ_SMS
ADDED from [:smschecker-release:] AndroidManifest.xml:11:5-67
	android:name
		ADDED from [:smschecker-release:] AndroidManifest.xml:11:22-64